e:\kvv\kvv-2024\kvv-2024\debug\vc143.pdb
e:\kvv\kvv-2024\kvv-2024\debug\vc143.idb
e:\kvv\kvv-2024\kvv-2024\debug\kvv-2024.obj
e:\kvv\kvv-2024\kvv-2024\debug\it.obj
e:\kvv\kvv-2024\kvv-2024\debug\mfst.obj
e:\kvv\kvv-2024\kvv-2024\debug\greibach.obj
e:\kvv\kvv-2024\kvv-2024\debug\sematican.obj
e:\kvv\kvv-2024\kvv-2024\debug\error.obj
e:\kvv\kvv-2024\kvv-2024\debug\generator.obj
e:\kvv\kvv-2024\kvv-2024\debug\fst.obj
e:\kvv\kvv-2024\kvv-2024\debug\polishnotation.obj
e:\kvv\kvv-2024\kvv-2024\debug\parm.obj
e:\kvv\kvv-2024\kvv-2024\debug\pch.obj
e:\kvv\kvv-2024\kvv-2024\debug\log.obj
e:\kvv\kvv-2024\kvv-2024\debug\lexer.obj
e:\kvv\kvv-2024\kvv-2024\debug\lt.obj
e:\kvv\kvv-2024\kvv-2024\debug\in.obj
e:\kvv\kvv-2024\debug\kvv-2024.exe
e:\kvv\kvv-2024\debug\kvv-2024.pdb
e:\kvv\kvv-2024\kvv-2024\debug\kvv-2024.ilk
e:\kvv\kvv-2024\kvv-2024\debug\kvv-2024.tlog\cl.command.1.tlog
e:\kvv\kvv-2024\kvv-2024\debug\kvv-2024.tlog\cl.items.tlog
e:\kvv\kvv-2024\kvv-2024\debug\kvv-2024.tlog\cl.read.1.tlog
e:\kvv\kvv-2024\kvv-2024\debug\kvv-2024.tlog\cl.write.1.tlog
e:\kvv\kvv-2024\kvv-2024\debug\kvv-2024.tlog\link.command.1.tlog
e:\kvv\kvv-2024\kvv-2024\debug\kvv-2024.tlog\link.read.1.tlog
e:\kvv\kvv-2024\kvv-2024\debug\kvv-2024.tlog\link.secondary.1.tlog
e:\kvv\kvv-2024\kvv-2024\debug\kvv-2024.tlog\link.write.1.tlog
