---- Протокол ------ Дата: 11.12.2024 19:17:56 ------------
---- Параметры --------
-log: errorsiSemantiki.txt.log
-out: errorsiSemantiki.txt.out
-in: errorsiSemantiki.txt
---- Исходные данные ------
Количество символов: 1111
Проигнорировано: 118
Количество строк: 73
-------------------------------------------------------------------------------------
l - (124)Ошибка лексического анализа: идентификатор не объявлен в строке 19
main - (131)Ошибка лексического анализа: несколько точек входа в строке 21
tilt - (124)Ошибка лексического анализа: идентификатор не объявлен в строке 25
message - (123)Ошибка лексического анализа: множественное объявление лексемы в строке 47
Лексический анализ выполнен c ошибками
-------------------------------------------------------------------------------------
601: строка 6,Ошибка синтаксического анализа: ошибочный оператор
601: строка 6,Ошибка синтаксического анализа: ошибочный оператор
601: строка 6,Ошибка синтаксического анализа: ошибочный оператор
Синтаксический анализ выполнен с ошибками
(702)Ошибка семантического анализа: попытка объявить функцию в main в строке 21
(703)Ошибка семантического анализа: ошибка в блоке main: функция возвращает не целочисленное занчение в строке 21
(701)Ошибка семантического анализа: функция не всегда возвращает значение в строке 7
(700)Ошибка семантического анализа: в функции отсутствует return в строке 15
(704)Ошибка семантического анализа: тип возвращаемого значения не соответствует типу функции в строке 19
(705)Ошибка семантического анализа: слишком много аргументов передано в функцию в строке 19
(706)Ошибка семантического анализа: тип передаваемого аргумента не соответствует типу параметра функции в строке 19
(707)Ошибка семантического анализа: слишком мало аргументов передано в функцию в строке 19
(708)Ошибка семантического анализа: попытка переопределить библиотечную функцию в строке 8
(708)Ошибка семантического анализа: попытка переопределить библиотечную функцию в строке 23
(707)Ошибка семантического анализа: слишком мало аргументов передано в функцию в строке 23
(711)Ошибка семантического анализа: в выражении используется не соответствующая ,по тиуп данных, функция в строке 25
(710)Ошибка семантического анализа: в выражении используется не соответствующий тип данных в строке 47
Семантический анализ выполнен c ошибками
Генерация кода невозможна: были допущены ошибки на предыдущих этапах компилятора
