Сборка начата 16.12.2024 20:06:44.
Уровень детализации журнала: Normal.     1>Проект "E:\KVV\KVV-2024\FuncLib\FuncLib.vcxproj" в узле 4 (целевые объекты Rebuild).
     1>_PrepareForClean:
         Файл "Debug\FuncLib.tlog\FuncLib.lastbuildstate" удаляется.
       PrepareForBuild:
         Структурированный вывод включен. Форматирование диагностики компилятора будет отражать иерархию ошибок. Подробнее см. https://aka.ms/cpp/structured-output.
       InitializeBuildStatus:
         Создание "Debug\FuncLib.tlog\unsuccessfulbuild", так как было задано "AlwaysCreate".
         Обращение к "Debug\FuncLib.tlog\unsuccessfulbuild".
       ClCompile:
         C:\Program Files\Microsoft Visual Studio\2022\Community\VC\Tools\MSVC\14.41.34120\bin\HostX86\x86\CL.exe /c /ZI /JMC /nologo /W3 /WX- /diagnostics:column /sdl /Od /Oy- /D WIN32 /D _DEBUG /D _CONSOLE /D _UNICODE /D UNICODE /Gm- /EHsc /RTC1 /MDd /GS /fp:precise /Zc:wchar_t /Zc:forScope /Zc:inline /permissive- /Fo"Debug\\" /Fd"E:\KVV\KVV-2024\Debug\FuncLib.pdb" /external:W3 /Gd /TP /analyze- /FC /errorReport:prompt Source.cpp
         Source.cpp
     1>E:\KVV\KVV-2024\FuncLib\Source.cpp(11,13): warning C4244: return: преобразование "double" в "unsigned int", возможна потеря данных
     1>E:\KVV\KVV-2024\FuncLib\Source.cpp(18,13): warning C4244: аргумент: преобразование "time_t" в "unsigned int", возможна потеря данных
       Lib:
         C:\Program Files\Microsoft Visual Studio\2022\Community\VC\Tools\MSVC\14.41.34120\bin\HostX86\x86\Lib.exe /OUT:"E:\KVV\KVV-2024\Debug\FuncLib.lib" /NOLOGO /MACHINE:X86 Debug\Source.obj
         FuncLib.vcxproj -> E:\KVV\KVV-2024\Debug\FuncLib.lib
       FinalizeBuildStatus:
         Файл "Debug\FuncLib.tlog\unsuccessfulbuild" удаляется.
         Обращение к "Debug\FuncLib.tlog\FuncLib.lastbuildstate".
     1>Сборка проекта "E:\KVV\KVV-2024\FuncLib\FuncLib.vcxproj" завершена (целевые объекты Rebuild).

Сборка успешно завершена.

       "E:\KVV\KVV-2024\FuncLib\FuncLib.vcxproj" (целевой объект Rebuild ) (1) ->
       (Целевой объект ClCompile) -> 
         E:\KVV\KVV-2024\FuncLib\Source.cpp(11,13): warning C4244: return: преобразование "double" в "unsigned int", возможна потеря данных
         E:\KVV\KVV-2024\FuncLib\Source.cpp(18,13): warning C4244: аргумент: преобразование "time_t" в "unsigned int", возможна потеря данных

    Предупреждений: 2
    Ошибок: 0

Прошло времени 00:00:00.93
