Сборка начата 17.12.2024 12:29:40.
Уровень детализации журнала: Normal.     1>Проект "E:\KVV\KVV-2024\AsmExecute\AsmExecute.vcxproj" в узле 2 (целевые объекты Build).
     1>PrepareForBuild:
         Структурированный вывод включен. Форматирование диагностики компилятора будет отражать иерархию ошибок. Подробнее см. https://aka.ms/cpp/structured-output.
       InitializeBuildStatus:
         Создание "Debug\AsmExecute.tlog\unsuccessfulbuild", так как было задано "AlwaysCreate".
         Обращение к "Debug\AsmExecute.tlog\unsuccessfulbuild".
       _MASM:
         Assembling ASM.asm...
         cmd.exe /C "C:\Users\vk200\AppData\Local\Temp\tmpd953ed50ce0b4ce590f50ad06901f323.cmd"
         ml.exe /c /nologo /Zi /Fo"Debug\ASM.obj" /Fl"Debug\\" /W3 /errorReport:prompt  /TaASM.asm
       Link:
         C:\Program Files\Microsoft Visual Studio\2022\Community\VC\Tools\MSVC\14.41.34120\bin\HostX86\x86\link.exe /ERRORREPORT:PROMPT /OUT:"E:\KVV\KVV-2024\Debug\AsmExecute.exe" /INCREMENTAL /ILK:"Debug\AsmExecute.ilk" /NOLOGO kernel32.lib user32.lib gdi32.lib winspool.lib comdlg32.lib advapi32.lib shell32.lib ole32.lib oleaut32.lib uuid.lib odbc32.lib odbccp32.lib /MANIFEST /MANIFESTUAC:"level='asInvoker' uiAccess='false'" /manifest:embed /DEBUG /PDB:"E:\KVV\KVV-2024\Debug\AsmExecute.pdb" /SUBSYSTEM:CONSOLE /TLBID:1 /DYNAMICBASE /NXCOMPAT /IMPLIB:"E:\KVV\KVV-2024\Debug\AsmExecute.lib" /MACHINE:X86 /Force:Multiple Debug\ASM.obj
     1>LINK : warning LNK4075: не учитывается "/INCREMENTAL" из-за спецификации "/FORCE"
     1>LINK : warning LNK4098: библиотека по умолчанию "libucrt.lib" конфликтует с использованием других библиотек; используйте /NODEFAULTLIB:library
         AsmExecute.vcxproj -> E:\KVV\KVV-2024\Debug\AsmExecute.exe
       FinalizeBuildStatus:
         Файл "Debug\AsmExecute.tlog\unsuccessfulbuild" удаляется.
         Обращение к "Debug\AsmExecute.tlog\AsmExecute.lastbuildstate".
     1>Сборка проекта "E:\KVV\KVV-2024\AsmExecute\AsmExecute.vcxproj" завершена (целевые объекты Build).

Сборка успешно завершена.

       "E:\KVV\KVV-2024\AsmExecute\AsmExecute.vcxproj" (целевой объект Build ) (1) ->
       (Целевой объект Link) -> 
         LINK : warning LNK4075: не учитывается "/INCREMENTAL" из-за спецификации "/FORCE"
         LINK : warning LNK4098: библиотека по умолчанию "libucrt.lib" конфликтует с использованием других библиотек; используйте /NODEFAULTLIB:library

    Предупреждений: 2
    Ошибок: 0

Прошло времени 00:00:01.40
